mar. avril  5 14:00:43 CEST 2016
======================== blas ==============================
mar. avril  5 14:00:43 CEST 2016
Copying source code, blas.src does not require activation.
mar. avril  5 14:00:45 CEST 2016
1.674u 0.031s 0:01.89 89.9%	0+0k 264+992io 2pf+0w
======================== mpcdatpm6 ==============================
mar. avril  5 14:00:45 CEST 2016
Copying source code, mpcdatpm6.src does not require activation.
mar. avril  5 14:00:46 CEST 2016
0.111u 0.036s 0:00.42 33.3%	0+0k 904+984io 5pf+0w
======================== mpchbond ==============================
mar. avril  5 14:00:46 CEST 2016
Copying source code, mpchbond.src does not require activation.
mar. avril  5 14:00:46 CEST 2016
0.609u 0.035s 0:00.87 72.4%	0+0k 0+960io 0pf+0w
======================== rmddat ==============================
mar. avril  5 14:00:46 CEST 2016
Copying source code, rmddat.src does not require activation.
mar. avril  5 14:00:47 CEST 2016
0.037u 0.019s 0:00.12 33.3%	0+0k 0+80io 0pf+0w
======================== aldeci ==============================
mar. avril  5 14:00:47 CEST 2016
Activating /home/common/gamess14/gamess/source/aldeci.src to create aldeci.f for target linux64...
mar. avril  5 14:00:53 CEST 2016
5.939u 0.111s 0:06.70 90.1%	0+0k 0+7320io 0pf+0w
======================== algnci ==============================
mar. avril  5 14:00:53 CEST 2016
Copying source code, algnci.src does not require activation.
mar. avril  5 14:00:59 CEST 2016
4.648u 0.064s 0:05.97 78.7%	0+0k 0+4536io 0pf+0w
======================== basccn ==============================
mar. avril  5 14:00:59 CEST 2016
Copying source code, basccn.src does not require activation.
mar. avril  5 14:01:10 CEST 2016
8.766u 0.213s 0:10.96 81.8%	0+0k 0+17144io 0pf+0w
======================== basecp ==============================
mar. avril  5 14:01:10 CEST 2016
Copying source code, basecp.src does not require activation.
mar. avril  5 14:01:12 CEST 2016
1.213u 0.058s 0:01.61 78.2%	0+0k 0+1800io 0pf+0w
======================== basext ==============================
mar. avril  5 14:01:12 CEST 2016
Copying source code, basext.src does not require activation.
mar. avril  5 14:01:13 CEST 2016
0.866u 0.033s 0:01.28 69.5%	0+0k 0+1384io 0pf+0w
======================== basg3l ==============================
mar. avril  5 14:01:13 CEST 2016
Copying source code, basg3l.src does not require activation.
mar. avril  5 14:01:14 CEST 2016
0.411u 0.032s 0:00.56 78.5%	0+0k 0+776io 0pf+0w
======================== basg3x ==============================
mar. avril  5 14:01:14 CEST 2016
Copying source code, basg3x.src does not require activation.
mar. avril  5 14:01:15 CEST 2016
0.633u 0.035s 0:00.95 69.4%	0+0k 0+1160io 0pf+0w
======================== bashuz ==============================
mar. avril  5 14:01:15 CEST 2016
Copying source code, bashuz.src does not require activation.
mar. avril  5 14:01:15 CEST 2016
0.588u 0.041s 0:00.85 72.9%	0+0k 0+1088io 0pf+0w
======================== bashz2 ==============================
mar. avril  5 14:01:16 CEST 2016
Copying source code, bashz2.src does not require activation.
mar. avril  5 14:01:16 CEST 2016
0.553u 0.041s 0:00.83 71.0%	0+0k 0+1032io 0pf+0w
======================== baskar ==============================
mar. avril  5 14:01:16 CEST 2016
Copying source code, baskar.src does not require activation.
mar. avril  5 14:01:18 CEST 2016
0.871u 0.046s 0:01.22 74.5%	0+0k 0+1336io 0pf+0w
======================== basn21 ==============================
mar. avril  5 14:01:18 CEST 2016
Copying source code, basn21.src does not require activation.
mar. avril  5 14:01:18 CEST 2016
0.629u 0.039s 0:00.88 73.8%	0+0k 0+1248io 0pf+0w
======================== basn31 ==============================
mar. avril  5 14:01:19 CEST 2016
Copying source code, basn31.src does not require activation.
mar. avril  5 14:01:20 CEST 2016
0.930u 0.054s 0:01.22 80.3%	0+0k 0+1264io 0pf+0w
======================== baspcn ==============================
mar. avril  5 14:01:20 CEST 2016
Copying source code, baspcn.src does not require activation.
mar. avril  5 14:01:25 CEST 2016
4.917u 0.101s 0:05.32 94.1%	0+0k 0+6000io 0pf+0w
======================== bassto ==============================
mar. avril  5 14:01:25 CEST 2016
Copying source code, bassto.src does not require activation.
mar. avril  5 14:01:25 CEST 2016
0.326u 0.033s 0:00.45 77.7%	0+0k 0+712io 0pf+0w
======================== casino ==============================
mar. avril  5 14:01:25 CEST 2016
Copying source code, casino.src does not require activation.
mar. avril  5 14:01:26 CEST 2016
0.210u 0.025s 0:00.33 69.6%	0+0k 0+336io 0pf+0w
======================== ccaux ==============================
mar. avril  5 14:01:26 CEST 2016
Copying source code, ccaux.src does not require activation.
mar. avril  5 14:01:27 CEST 2016
1.086u 0.042s 0:01.44 77.7%	0+0k 0+1248io 0pf+0w
======================== cchdmy ==============================
mar. avril  5 14:01:27 CEST 2016
Copying source code, cchdmy.src does not require activation.
mar. avril  5 14:01:27 CEST 2016
0.041u 0.020s 0:00.07 85.7%	0+0k 0+80io 0pf+0w
======================== ccddi ==============================
mar. avril  5 14:01:27 CEST 2016
Copying source code, ccddi.src does not require activation.
mar. avril  5 14:01:32 CEST 2016
4.432u 0.087s 0:04.79 94.1%	0+0k 0+3424io 0pf+0w
======================== ccqaux ==============================
mar. avril  5 14:01:32 CEST 2016
Copying source code, ccqaux.src does not require activation.
mar. avril  5 14:01:37 CEST 2016
4.065u 0.053s 0:05.18 79.3%	0+0k 0+1536io 0pf+0w
======================== ccquad ==============================
mar. avril  5 14:01:37 CEST 2016
Copying source code, ccquad.src does not require activation.
mar. avril  5 14:01:39 CEST 2016
1.489u 0.051s 0:01.83 83.6%	0+0k 0+2808io 0pf+0w
======================== ccsdt ==============================
mar. avril  5 14:01:39 CEST 2016
Activating /home/common/gamess14/gamess/source/ccsdt.src to create ccsdt.f for target linux64...
mar. avril  5 14:01:41 CEST 2016
1.614u 0.048s 0:01.88 87.7%	0+0k 0+2816io 0pf+0w
======================== ceeis ==============================
mar. avril  5 14:01:41 CEST 2016
Copying source code, ceeis.src does not require activation.
mar. avril  5 14:01:43 CEST 2016
1.308u 0.041s 0:01.47 91.1%	0+0k 0+1648io 0pf+0w
======================== cepa ==============================
mar. avril  5 14:01:43 CEST 2016
Copying source code, cepa.src does not require activation.
mar. avril  5 14:01:45 CEST 2016
2.472u 0.062s 0:02.93 86.3%	0+0k 0+1880io 0pf+0w
======================== chgpen ==============================
mar. avril  5 14:01:45 CEST 2016
Copying source code, chgpen.src does not require activation.
mar. avril  5 14:01:46 CEST 2016
0.949u 0.035s 0:01.00 97.0%	0+0k 0+1448io 0pf+0w
======================== cimf ==============================
mar. avril  5 14:01:46 CEST 2016
Copying source code, cimf.src does not require activation.
mar. avril  5 14:01:49 CEST 2016
2.208u 0.089s 0:02.91 78.3%	0+0k 0+1240io 0pf+0w
======================== ciminf ==============================
mar. avril  5 14:01:49 CEST 2016
Copying source code, ciminf.src does not require activation.
mar. avril  5 14:01:50 CEST 2016
0.418u 0.033s 0:00.73 60.2%	0+0k 0+1080io 0pf+0w
======================== cimi ==============================
mar. avril  5 14:01:50 CEST 2016
Copying source code, cimi.src does not require activation.
mar. avril  5 14:02:01 CEST 2016
9.804u 0.141s 0:10.96 90.6%	0+0k 608+7744io 3pf+0w
======================== cimlib ==============================
mar. avril  5 14:02:01 CEST 2016
Copying source code, cimlib.src does not require activation.
mar. avril  5 14:02:01 CEST 2016
0.131u 0.022s 0:00.18 83.3%	0+0k 0+296io 0pf+0w
======================== cimsub ==============================
mar. avril  5 14:02:01 CEST 2016
Copying source code, cimsub.src does not require activation.
mar. avril  5 14:02:06 CEST 2016
4.283u 0.104s 0:04.77 91.8%	0+0k 0+7176io 0pf+0w
======================== cisgrd ==============================
mar. avril  5 14:02:06 CEST 2016
Activating /home/common/gamess14/gamess/source/cisgrd.src to create cisgrd.f for target linux64...
mar. avril  5 14:02:08 CEST 2016
1.575u 0.043s 0:01.64 98.1%	0+0k 0+2296io 0pf+0w
======================== comp ==============================
mar. avril  5 14:02:08 CEST 2016
Copying source code, comp.src does not require activation.
mar. avril  5 14:02:09 CEST 2016
0.810u 0.034s 0:00.88 95.4%	0+0k 0+2352io 0pf+0w
======================== cosmo ==============================
mar. avril  5 14:02:09 CEST 2016
Copying source code, cosmo.src does not require activation.
mar. avril  5 14:02:10 CEST 2016
1.328u 0.044s 0:01.57 86.6%	0+0k 256+2608io 1pf+0w
======================== cosprt ==============================
mar. avril  5 14:02:10 CEST 2016
Copying source code, cosprt.src does not require activation.
mar. avril  5 14:02:10 CEST 2016
0.059u 0.019s 0:00.10 60.0%	0+0k 0+184io 0pf+0w
======================== cphf ==============================
mar. avril  5 14:02:10 CEST 2016
Activating /home/common/gamess14/gamess/source/cphf.src to create cphf.f for target linux64...
mar. avril  5 14:02:14 CEST 2016
3.108u 0.093s 0:03.58 89.1%	0+0k 0+4448io 0pf+0w
======================== cpmchf ==============================
mar. avril  5 14:02:14 CEST 2016
Activating /home/common/gamess14/gamess/source/cpmchf.src to create cpmchf.f for target linux64...
mar. avril  5 14:02:30 CEST 2016
14.378u 0.201s 0:16.49 88.3%	0+0k 40+14840io 1pf+0w
======================== cprohf ==============================
mar. avril  5 14:02:30 CEST 2016
Activating /home/common/gamess14/gamess/source/cprohf.src to create cprohf.f for target linux64...
mar. avril  5 14:02:32 CEST 2016
1.666u 0.061s 0:02.10 81.9%	0+0k 0+1560io 0pf+0w
======================== cpuhf ==============================
mar. avril  5 14:02:32 CEST 2016
Activating /home/common/gamess14/gamess/source/cpuhf.src to create cpuhf.f for target linux64...
mar. avril  5 14:02:35 CEST 2016
2.013u 0.049s 0:02.28 89.9%	0+0k 0+2176io 0pf+0w
======================== dccc ==============================
mar. avril  5 14:02:35 CEST 2016
Copying source code, dccc.src does not require activation.
mar. avril  5 14:02:36 CEST 2016
0.679u 0.028s 0:00.92 75.0%	0+0k 0+1368io 0pf+0w
======================== dcgrd ==============================
mar. avril  5 14:02:36 CEST 2016
Copying source code, dcgrd.src does not require activation.
mar. avril  5 14:02:36 CEST 2016
0.102u 0.032s 0:00.33 39.3%	0+0k 0+200io 0pf+0w
======================== dcgues ==============================
mar. avril  5 14:02:36 CEST 2016
Copying source code, dcgues.src does not require activation.
mar. avril  5 14:02:37 CEST 2016
0.623u 0.033s 0:00.87 74.7%	0+0k 8+1200io 1pf+0w
======================== dcint2 ==============================
mar. avril  5 14:02:37 CEST 2016
Activating /home/common/gamess14/gamess/source/dcint2.src to create dcint2.f for target linux64...
mar. avril  5 14:02:37 CEST 2016
0.489u 0.033s 0:00.60 85.0%	0+0k 0+608io 0pf+0w
======================== dclib ==============================
mar. avril  5 14:02:37 CEST 2016
Copying source code, dclib.src does not require activation.
mar. avril  5 14:02:39 CEST 2016
1.128u 0.058s 0:01.57 74.5%	0+0k 0+1960io 0pf+0w
======================== dcmp2 ==============================
mar. avril  5 14:02:39 CEST 2016
Activating /home/common/gamess14/gamess/source/dcmp2.src to create dcmp2.f for target linux64...
mar. avril  5 14:02:42 CEST 2016
2.414u 0.060s 0:03.05 80.9%	0+0k 0+3128io 0pf+0w
======================== dcscf ==============================
mar. avril  5 14:02:42 CEST 2016
Copying source code, dcscf.src does not require activation.
mar. avril  5 14:02:45 CEST 2016
2.892u 0.084s 0:03.15 94.2%	0+0k 0+2272io 0pf+0w
======================== dctran ==============================
mar. avril  5 14:02:45 CEST 2016
Activating /home/common/gamess14/gamess/source/dctran.src to create dctran.f for target linux64...
mar. avril  5 14:02:46 CEST 2016
0.583u 0.037s 0:00.78 78.2%	0+0k 0+912io 0pf+0w
======================== ddilib ==============================
mar. avril  5 14:02:46 CEST 2016
Copying source code, ddilib.src does not require activation.
mar. avril  5 14:02:46 CEST 2016
0.087u 0.027s 0:00.28 35.7%	0+0k 0+208io 0pf+0w
======================== delocl ==============================
mar. avril  5 14:02:46 CEST 2016
Copying source code, delocl.src does not require activation.
mar. avril  5 14:02:47 CEST 2016
0.628u 0.038s 0:00.75 86.6%	0+0k 0+904io 0pf+0w
======================== demrpt ==============================
mar. avril  5 14:02:47 CEST 2016
Copying source code, demrpt.src does not require activation.
mar. avril  5 14:03:09 CEST 2016
19.409u 0.121s 0:21.80 89.5%	0+0k 0+5608io 0pf+0w
======================== dft ==============================
mar. avril  5 14:03:09 CEST 2016
Activating /home/common/gamess14/gamess/source/dft.src to create dft.f for target linux64...
mar. avril  5 14:03:10 CEST 2016
0.556u 0.041s 0:00.74 79.7%	0+0k 128+1376io 1pf+0w
======================== dftaux ==============================
mar. avril  5 14:03:10 CEST 2016
Copying source code, dftaux.src does not require activation.
mar. avril  5 14:03:12 CEST 2016
1.447u 0.049s 0:02.19 67.5%	0+0k 0+1528io 0pf+0w
======================== dftbfo ==============================
mar. avril  5 14:03:12 CEST 2016
Copying source code, dftbfo.src does not require activation.
mar. avril  5 14:03:13 CEST 2016
0.798u 0.034s 0:00.90 91.1%	0+0k 0+1440io 0pf+0w
======================== dftbgr ==============================
mar. avril  5 14:03:13 CEST 2016
Copying source code, dftbgr.src does not require activation.
mar. avril  5 14:03:13 CEST 2016
0.427u 0.028s 0:00.64 68.7%	0+0k 0+856io 0pf+0w
======================== dftbhs ==============================
mar. avril  5 14:03:13 CEST 2016
Copying source code, dftbhs.src does not require activation.
mar. avril  5 14:03:16 CEST 2016
1.934u 0.057s 0:02.18 90.8%	0+0k 8+2632io 1pf+0w
======================== dftblb ==============================
mar. avril  5 14:03:16 CEST 2016
Copying source code, dftblb.src does not require activation.
mar. avril  5 14:03:16 CEST 2016
0.583u 0.033s 0:00.62 98.3%	0+0k 0+1344io 0pf+0w
======================== dftbsk ==============================
mar. avril  5 14:03:16 CEST 2016
Copying source code, dftbsk.src does not require activation.
mar. avril  5 14:03:18 CEST 2016
1.187u 0.050s 0:01.41 87.2%	0+0k 0+2112io 0pf+0w
======================== dftbx ==============================
mar. avril  5 14:03:18 CEST 2016
Copying source code, dftbx.src does not require activation.
mar. avril  5 14:03:22 CEST 2016
4.584u 0.096s 0:04.83 96.6%	0+0k 0+3496io 0pf+0w
======================== dftdis ==============================
mar. avril  5 14:03:22 CEST 2016
Copying source code, dftdis.src does not require activation.
mar. avril  5 14:03:24 CEST 2016
1.535u 0.085s 0:01.76 91.4%	0+0k 0+11280io 0pf+0w
======================== dftfun ==============================
mar. avril  5 14:03:24 CEST 2016
Copying source code, dftfun.src does not require activation.
mar. avril  5 14:03:28 CEST 2016
3.823u 0.043s 0:04.18 92.3%	0+0k 0+1424io 0pf+0w
======================== dftgrd ==============================
mar. avril  5 14:03:28 CEST 2016
Copying source code, dftgrd.src does not require activation.
mar. avril  5 14:03:31 CEST 2016
2.063u 0.062s 0:02.49 85.1%	0+0k 0+2864io 0pf+0w
======================== dftint ==============================
mar. avril  5 14:03:31 CEST 2016
Activating /home/common/gamess14/gamess/source/dftint.src to create dftint.f for target linux64...
mar. avril  5 14:03:32 CEST 2016
1.118u 0.042s 0:01.25 92.0%	0+0k 0+1640io 0pf+0w
======================== dftxca ==============================
mar. avril  5 14:03:32 CEST 2016
Copying source code, dftxca.src does not require activation.
mar. avril  5 14:03:34 CEST 2016
1.562u 0.043s 0:01.62 98.7%	0+0k 0+3080io 0pf+0w
======================== dftxcb ==============================
mar. avril  5 14:03:34 CEST 2016
Copying source code, dftxcb.src does not require activation.
mar. avril  5 14:04:07 CEST 2016
28.773u 0.126s 0:33.09 87.3%	0+0k 0+7496io 0pf+0w
======================== dftxcc ==============================
mar. avril  5 14:04:07 CEST 2016
Copying source code, dftxcc.src does not require activation.
mar. avril  5 14:04:08 CEST 2016
0.638u 0.038s 0:00.95 69.4%	0+0k 0+1656io 0pf+0w
======================== dftxcd ==============================
mar. avril  5 14:04:08 CEST 2016
Copying source code, dftxcd.src does not require activation.
mar. avril  5 14:04:16 CEST 2016
8.035u 0.095s 0:08.46 95.9%	0+0k 0+1576io 0pf+0w
======================== dftxce ==============================
mar. avril  5 14:04:16 CEST 2016
Copying source code, dftxce.src does not require activation.
mar. avril  5 14:04:30 CEST 2016
12.171u 0.094s 0:13.54 90.5%	0+0k 0+4128io 0pf+0w
======================== dftxcf ==============================
mar. avril  5 14:04:30 CEST 2016
Copying source code, dftxcf.src does not require activation.
mar. avril  5 14:04:31 CEST 2016
0.794u 0.045s 0:01.09 76.1%	0+0k 0+1832io 0pf+0w
======================== dftxcg ==============================
mar. avril  5 14:04:31 CEST 2016
Copying source code, dftxcg.src does not require activation.
mar. avril  5 14:04:37 CEST 2016
5.499u 0.075s 0:05.90 94.2%	0+0k 0+1616io 0pf+0w
======================== diab ==============================
mar. avril  5 14:04:37 CEST 2016
Copying source code, diab.src does not require activation.
mar. avril  5 14:04:39 CEST 2016
1.984u 0.049s 0:02.07 97.5%	0+0k 0+3040io 0pf+0w
======================== dgeev ==============================
mar. avril  5 14:04:39 CEST 2016
Copying source code, dgeev.src does not require activation.
mar. avril  5 14:04:42 CEST 2016
2.363u 0.048s 0:02.76 86.9%	0+0k 0+2696io 0pf+0w
======================== dgesvd ==============================
mar. avril  5 14:04:42 CEST 2016
Copying source code, dgesvd.src does not require activation.
mar. avril  5 14:04:44 CEST 2016
2.035u 0.062s 0:02.39 87.4%	0+0k 0+3280io 0pf+0w
======================== dmulti ==============================
mar. avril  5 14:04:44 CEST 2016
Copying source code, dmulti.src does not require activation.
mar. avril  5 14:04:47 CEST 2016
2.024u 0.047s 0:02.67 77.1%	0+0k 0+1608io 0pf+0w
======================== drc ==============================
mar. avril  5 14:04:47 CEST 2016
Copying source code, drc.src does not require activation.
mar. avril  5 14:04:47 CEST 2016
0.675u 0.027s 0:00.77 89.6%	0+0k 0+784io 0pf+0w
======================== eaipcc ==============================
mar. avril  5 14:04:48 CEST 2016
Copying source code, eaipcc.src does not require activation.
mar. avril  5 14:04:54 CEST 2016
5.495u 0.125s 0:06.21 90.3%	0+0k 0+9024io 0pf+0w
======================== ecp ==============================
mar. avril  5 14:04:54 CEST 2016
Copying source code, ecp.src does not require activation.
mar. avril  5 14:04:55 CEST 2016
0.921u 0.026s 0:00.97 96.9%	0+0k 0+1096io 0pf+0w
======================== ecpder ==============================
mar. avril  5 14:04:55 CEST 2016
Copying source code, ecpder.src does not require activation.
mar. avril  5 14:05:03 CEST 2016
7.356u 0.070s 0:08.60 86.2%	0+0k 0+1576io 0pf+0w
======================== ecplib ==============================
mar. avril  5 14:05:03 CEST 2016
Copying source code, ecplib.src does not require activation.
mar. avril  5 14:05:04 CEST 2016
0.838u 0.042s 0:01.05 82.8%	0+0k 0+1432io 0pf+0w
======================== ecppot ==============================
mar. avril  5 14:05:04 CEST 2016
Copying source code, ecppot.src does not require activation.
mar. avril  5 14:05:04 CEST 2016
0.075u 0.022s 0:00.10 90.0%	0+0k 0+448io 0pf+0w
======================== efchtr ==============================
mar. avril  5 14:05:04 CEST 2016
Copying source code, efchtr.src does not require activation.
mar. avril  5 14:05:08 CEST 2016
3.332u 0.068s 0:03.68 92.1%	0+0k 0+3208io 0pf+0w
======================== efdrvr ==============================
mar. avril  5 14:05:08 CEST 2016
Copying source code, efdrvr.src does not require activation.
mar. avril  5 14:05:09 CEST 2016
0.905u 0.034s 0:01.16 80.1%	0+0k 0+1128io 0pf+0w
======================== efelec ==============================
mar. avril  5 14:05:09 CEST 2016
Copying source code, efelec.src does not require activation.
mar. avril  5 14:05:12 CEST 2016
2.230u 0.096s 0:03.09 75.0%	0+0k 0+3520io 0pf+0w
======================== efgrd2 ==============================
mar. avril  5 14:05:12 CEST 2016
Copying source code, efgrd2.src does not require activation.
mar. avril  5 14:05:15 CEST 2016
2.188u 0.043s 0:02.45 90.6%	0+0k 0+1432io 0pf+0w
======================== efgrda ==============================
mar. avril  5 14:05:15 CEST 2016
Copying source code, efgrda.src does not require activation.
mar. avril  5 14:05:16 CEST 2016
0.742u 0.034s 0:01.01 76.2%	0+0k 0+1080io 0pf+0w
======================== efgrdb ==============================
mar. avril  5 14:05:16 CEST 2016
Copying source code, efgrdb.src does not require activation.
mar. avril  5 14:05:18 CEST 2016
1.554u 0.054s 0:01.98 80.8%	0+0k 0+1552io 0pf+0w
======================== efgrdc ==============================
mar. avril  5 14:05:18 CEST 2016
Copying source code, efgrdc.src does not require activation.
mar. avril  5 14:05:22 CEST 2016
3.741u 0.060s 0:04.25 89.4%	0+0k 0+2856io 0pf+0w
======================== efinp ==============================
mar. avril  5 14:05:22 CEST 2016
Copying source code, efinp.src does not require activation.
mar. avril  5 14:05:27 CEST 2016
4.972u 0.124s 0:05.20 97.8%	0+0k 0+7408io 0pf+0w
======================== efinta ==============================
mar. avril  5 14:05:27 CEST 2016
Copying source code, efinta.src does not require activation.
mar. avril  5 14:05:31 CEST 2016
2.551u 0.057s 0:03.28 79.2%	0+0k 0+2488io 0pf+0w
======================== efintb ==============================
mar. avril  5 14:05:31 CEST 2016
Copying source code, efintb.src does not require activation.
mar. avril  5 14:05:32 CEST 2016
1.225u 0.060s 0:01.65 77.5%	0+0k 0+1808io 0pf+0w
======================== efmo ==============================
mar. avril  5 14:05:32 CEST 2016
Copying source code, efmo.src does not require activation.
mar. avril  5 14:05:33 CEST 2016
0.528u 0.036s 0:00.77 71.4%	0+0k 0+1120io 0pf+0w
======================== efpaul ==============================
mar. avril  5 14:05:33 CEST 2016
Activating /home/common/gamess14/gamess/source/efpaul.src to create efpaul.f for target linux64...
mar. avril  5 14:05:40 CEST 2016
6.385u 0.096s 0:06.60 98.0%	0+0k 0+4840io 0pf+0w
======================== efpcm ==============================
mar. avril  5 14:05:40 CEST 2016
Copying source code, efpcm.src does not require activation.
mar. avril  5 14:05:40 CEST 2016
0.322u 0.034s 0:00.39 89.7%	0+0k 0+312io 0pf+0w
======================== efpcov ==============================
mar. avril  5 14:05:40 CEST 2016
Copying source code, efpcov.src does not require activation.
mar. avril  5 14:05:42 CEST 2016
1.621u 0.052s 0:02.17 76.9%	0+0k 0+1928io 0pf+0w
======================== efpfmo ==============================
mar. avril  5 14:05:42 CEST 2016
Copying source code, efpfmo.src does not require activation.
mar. avril  5 14:05:43 CEST 2016
0.937u 0.033s 0:01.15 83.4%	0+0k 0+1384io 0pf+0w
======================== eftei ==============================
mar. avril  5 14:05:43 CEST 2016
Activating /home/common/gamess14/gamess/source/eftei.src to create eftei.f for target linux64...
mar. avril  5 14:05:44 CEST 2016
0.348u 0.027s 0:00.52 69.2%	0+0k 0+880io 0pf+0w
======================== eigen ==============================
mar. avril  5 14:05:44 CEST 2016
Copying source code, eigen.src does not require activation.
mar. avril  5 14:05:44 CEST 2016
0.104u 0.026s 0:00.38 31.5%	0+0k 0+352io 0pf+0w
======================== elglib ==============================
mar. avril  5 14:05:44 CEST 2016
Copying source code, elglib.src does not require activation.
mar. avril  5 14:05:45 CEST 2016
0.239u 0.029s 0:00.31 80.6%	0+0k 0+432io 0pf+0w
======================== elgloc ==============================
mar. avril  5 14:05:45 CEST 2016
Copying source code, elgloc.src does not require activation.
mar. avril  5 14:05:46 CEST 2016
1.493u 0.056s 0:01.85 83.2%	0+0k 0+1992io 0pf+0w
======================== elgscf ==============================
mar. avril  5 14:05:46 CEST 2016
Activating /home/common/gamess14/gamess/source/elgscf.src to create elgscf.f for target linux64...
mar. avril  5 14:05:53 CEST 2016
5.935u 0.106s 0:06.84 88.1%	0+0k 0+6392io 0pf+0w
======================== excorr ==============================
mar. avril  5 14:05:53 CEST 2016
Copying source code, excorr.src does not require activation.
mar. avril  5 14:05:55 CEST 2016
1.747u 0.060s 0:02.15 83.7%	0+0k 0+1864io 0pf+0w
======================== eomcc ==============================
mar. avril  5 14:05:55 CEST 2016
Copying source code, eomcc.src does not require activation.
mar. avril  5 14:05:59 CEST 2016
3.020u 0.059s 0:03.53 86.9%	0+0k 0+5104io 0pf+0w
======================== ewald ==============================
mar. avril  5 14:05:59 CEST 2016
Copying source code, ewald.src does not require activation.
mar. avril  5 14:06:00 CEST 2016
0.617u 0.041s 0:01.07 60.7%	0+0k 0+1200io 0pf+0w
======================== ffield ==============================
mar. avril  5 14:06:00 CEST 2016
Copying source code, ffield.src does not require activation.
mar. avril  5 14:06:01 CEST 2016
0.616u 0.043s 0:01.05 61.9%	0+0k 0+1080io 0pf+0w
======================== fmo ==============================
mar. avril  5 14:06:01 CEST 2016
Copying source code, fmo.src does not require activation.
mar. avril  5 14:06:08 CEST 2016
6.525u 0.192s 0:07.01 95.7%	0+0k 0+5424io 0pf+0w
======================== fmocp ==============================
mar. avril  5 14:06:08 CEST 2016
Copying source code, fmocp.src does not require activation.
mar. avril  5 14:06:10 CEST 2016
1.188u 0.041s 0:01.37 89.0%	0+0k 0+1640io 0pf+0w
======================== fmoesd ==============================
mar. avril  5 14:06:10 CEST 2016
Copying source code, fmoesd.src does not require activation.
mar. avril  5 14:06:11 CEST 2016
1.430u 0.046s 0:01.51 97.3%	0+0k 0+2216io 0pf+0w
======================== fmogrd ==============================
mar. avril  5 14:06:11 CEST 2016
Activating /home/common/gamess14/gamess/source/fmogrd.src to create fmogrd.f for target linux64...
mar. avril  5 14:06:12 CEST 2016
1.110u 0.051s 0:01.35 85.9%	0+0k 0+2448io 0pf+0w
======================== fmoh1a ==============================
mar. avril  5 14:06:12 CEST 2016
Copying source code, fmoh1a.src does not require activation.
mar. avril  5 14:06:16 CEST 2016
2.809u 0.050s 0:03.28 86.8%	0+0k 256+2264io 1pf+0w
======================== fmoh2a ==============================
mar. avril  5 14:06:16 CEST 2016
Copying source code, fmoh2a.src does not require activation.
mar. avril  5 14:06:17 CEST 2016
1.024u 0.041s 0:01.42 74.6%	0+0k 0+1184io 0pf+0w
======================== fmoh2b ==============================
mar. avril  5 14:06:17 CEST 2016
Copying source code, fmoh2b.src does not require activation.
mar. avril  5 14:06:17 CEST 2016
0.267u 0.022s 0:00.32 87.5%	0+0k 0+392io 0pf+0w
======================== fmohss ==============================
mar. avril  5 14:06:18 CEST 2016
Copying source code, fmohss.src does not require activation.
mar. avril  5 14:06:19 CEST 2016
1.057u 0.060s 0:01.30 85.3%	0+0k 0+1464io 0pf+0w
======================== fmoint ==============================
mar. avril  5 14:06:19 CEST 2016
Copying source code, fmoint.src does not require activation.
mar. avril  5 14:06:21 CEST 2016
1.646u 0.054s 0:01.86 90.8%	0+0k 0+2912io 0pf+0w
======================== fmoio ==============================
mar. avril  5 14:06:21 CEST 2016
Copying source code, fmoio.src does not require activation.
mar. avril  5 14:06:25 CEST 2016
3.367u 0.089s 0:04.12 83.4%	0+0k 0+4392io 0pf+0w
======================== fmolib ==============================
mar. avril  5 14:06:25 CEST 2016
Copying source code, fmolib.src does not require activation.
mar. avril  5 14:06:27 CEST 2016
1.967u 0.055s 0:02.16 93.0%	0+0k 0+3480io 0pf+0w
======================== fmomm ==============================
mar. avril  5 14:06:27 CEST 2016
Copying source code, fmomm.src does not require activation.
mar. avril  5 14:06:28 CEST 2016
1.041u 0.039s 0:01.46 73.2%	0+0k 0+2128io 0pf+0w
======================== fmopbc ==============================
mar. avril  5 14:06:29 CEST 2016
Copying source code, fmopbc.src does not require activation.
mar. avril  5 14:06:29 CEST 2016
0.380u 0.019s 0:00.54 72.2%	0+0k 0+752io 0pf+0w
======================== fmoprp ==============================
mar. avril  5 14:06:29 CEST 2016
Copying source code, fmoprp.src does not require activation.
mar. avril  5 14:06:31 CEST 2016
1.336u 0.045s 0:01.58 86.7%	0+0k 0+2640io 0pf+0w
======================== frfmt ==============================
mar. avril  5 14:06:31 CEST 2016
Copying source code, frfmt.src does not require activation.
mar. avril  5 14:06:31 CEST 2016
0.182u 0.025s 0:00.44 45.4%	0+0k 0+368io 0pf+0w
======================== fsodci ==============================
mar. avril  5 14:06:31 CEST 2016
Copying source code, fsodci.src does not require activation.
mar. avril  5 14:06:47 CEST 2016
14.376u 0.120s 0:16.02 90.4%	0+0k 0+9664io 0pf+0w
======================== g3 ==============================
mar. avril  5 14:06:47 CEST 2016
Copying source code, g3.src does not require activation.
mar. avril  5 14:06:48 CEST 2016
0.915u 0.044s 0:01.09 87.1%	0+0k 0+1368io 0pf+0w
======================== gamess ==============================
mar. avril  5 14:06:48 CEST 2016
Copying source code, gamess.src does not require activation.
mar. avril  5 14:06:49 CEST 2016
0.607u 0.027s 0:00.76 81.5%	0+0k 0+1792io 0pf+0w
======================== globop ==============================
mar. avril  5 14:06:49 CEST 2016
Copying source code, globop.src does not require activation.
mar. avril  5 14:06:51 CEST 2016
1.660u 0.053s 0:01.74 98.2%	0+0k 0+2080io 0pf+0w
======================== gmcpt ==============================
mar. avril  5 14:06:51 CEST 2016
Activating /home/common/gamess14/gamess/source/gmcpt.src to create gmcpt.f for target linux64...
mar. avril  5 14:07:08 CEST 2016
16.433u 0.146s 0:17.32 95.6%	0+0k 0+10936io 0pf+0w
======================== gradex ==============================
mar. avril  5 14:07:08 CEST 2016
Copying source code, gradex.src does not require activation.
mar. avril  5 14:07:11 CEST 2016
2.639u 0.084s 0:03.05 88.8%	0+0k 0+1640io 0pf+0w
======================== grd1 ==============================
mar. avril  5 14:07:11 CEST 2016
Copying source code, grd1.src does not require activation.
mar. avril  5 14:07:13 CEST 2016
1.235u 0.045s 0:01.52 83.5%	0+0k 0+1496io 0pf+0w
======================== grd2a ==============================
mar. avril  5 14:07:13 CEST 2016
Activating /home/common/gamess14/gamess/source/grd2a.src to create grd2a.f for target linux64...
mar. avril  5 14:07:14 CEST 2016
1.567u 0.044s 0:01.65 96.9%	0+0k 0+2536io 0pf+0w
======================== grd2b ==============================
mar. avril  5 14:07:14 CEST 2016
Copying source code, grd2b.src does not require activation.
mar. avril  5 14:07:27 CEST 2016
10.787u 0.188s 0:12.38 88.5%	0+0k 0+2360io 0pf+0w
======================== grd2c ==============================
mar. avril  5 14:07:27 CEST 2016
Copying source code, grd2c.src does not require activation.
mar. avril  5 14:07:31 CEST 2016
3.599u 0.053s 0:04.02 90.5%	0+0k 0+1120io 0pf+0w
======================== guess ==============================
mar. avril  5 14:07:31 CEST 2016
Copying source code, guess.src does not require activation.
mar. avril  5 14:07:31 CEST 2016
0.169u 0.026s 0:00.26 69.2%	0+0k 0+800io 0pf+0w
======================== gugdga ==============================
mar. avril  5 14:07:31 CEST 2016
Activating /home/common/gamess14/gamess/source/gugdga.src to create gugdga.f for target linux64...
mar. avril  5 14:07:32 CEST 2016
0.479u 0.032s 0:00.87 57.4%	0+0k 0+1072io 0pf+0w
======================== gugdgb ==============================
mar. avril  5 14:07:32 CEST 2016
Activating /home/common/gamess14/gamess/source/gugdgb.src to create gugdgb.f for target linux64...
mar. avril  5 14:07:33 CEST 2016
0.544u 0.041s 0:00.84 69.0%	0+0k 0+768io 0pf+0w
======================== gugdm ==============================
mar. avril  5 14:07:33 CEST 2016
Copying source code, gugdm.src does not require activation.
mar. avril  5 14:07:33 CEST 2016
0.242u 0.023s 0:00.29 89.6%	0+0k 0+520io 0pf+0w
======================== gugdm2 ==============================
mar. avril  5 14:07:33 CEST 2016
Activating /home/common/gamess14/gamess/source/gugdm2.src to create gugdm2.f for target linux64...
mar. avril  5 14:07:34 CEST 2016
0.407u 0.030s 0:00.64 67.1%	0+0k 0+1056io 0pf+0w
======================== gugdrt ==============================
mar. avril  5 14:07:34 CEST 2016
Copying source code, gugdrt.src does not require activation.
mar. avril  5 14:07:35 CEST 2016
1.261u 0.055s 0:01.41 92.9%	0+0k 0+1928io 0pf+0w
======================== gugem ==============================
mar. avril  5 14:07:35 CEST 2016
Activating /home/common/gamess14/gamess/source/gugem.src to create gugem.f for target linux64...
mar. avril  5 14:07:35 CEST 2016
0.362u 0.030s 0:00.44 88.6%	0+0k 0+896io 0pf+0w
======================== gugsrt ==============================
mar. avril  5 14:07:35 CEST 2016
Activating /home/common/gamess14/gamess/source/gugsrt.src to create gugsrt.f for target linux64...
mar. avril  5 14:07:36 CEST 2016
0.341u 0.021s 0:00.40 90.0%	0+0k 0+760io 0pf+0w
======================== gvb ==============================
mar. avril  5 14:07:36 CEST 2016
Activating /home/common/gamess14/gamess/source/gvb.src to create gvb.f for target linux64...
mar. avril  5 14:07:38 CEST 2016
1.664u 0.060s 0:02.18 78.8%	0+0k 0+2704io 0pf+0w
======================== hess ==============================
mar. avril  5 14:07:38 CEST 2016
Copying source code, hess.src does not require activation.
mar. avril  5 14:07:41 CEST 2016
2.670u 0.068s 0:02.98 91.6%	0+0k 0+3984io 0pf+0w
======================== hss1a ==============================
mar. avril  5 14:07:41 CEST 2016
Copying source code, hss1a.src does not require activation.
mar. avril  5 14:07:42 CEST 2016
0.480u 0.022s 0:00.54 92.5%	0+0k 0+760io 0pf+0w
======================== hss1b ==============================
mar. avril  5 14:07:42 CEST 2016
Copying source code, hss1b.src does not require activation.
mar. avril  5 14:07:42 CEST 2016
0.787u 0.036s 0:00.85 95.2%	0+0k 0+992io 0pf+0w
======================== hss2a ==============================
mar. avril  5 14:07:43 CEST 2016
Activating /home/common/gamess14/gamess/source/hss2a.src to create hss2a.f for target linux64...
mar. avril  5 14:07:48 CEST 2016
4.821u 0.102s 0:05.28 93.1%	0+0k 0+4216io 0pf+0w
======================== hss2b ==============================
mar. avril  5 14:07:48 CEST 2016
Copying source code, hss2b.src does not require activation.
mar. avril  5 14:07:50 CEST 2016
1.924u 0.050s 0:02.03 97.0%	0+0k 0+2216io 0pf+0w
======================== inputa ==============================
mar. avril  5 14:07:50 CEST 2016
Activating /home/common/gamess14/gamess/source/inputa.src to create inputa.f for target linux64...
mar. avril  5 14:07:55 CEST 2016
4.491u 0.107s 0:05.37 85.4%	0+0k 0+4312io 0pf+0w
======================== inputb ==============================
mar. avril  5 14:07:55 CEST 2016
Activating /home/common/gamess14/gamess/source/inputb.src to create inputb.f for target linux64...
mar. avril  5 14:07:57 CEST 2016
2.081u 0.051s 0:02.17 98.1%	0+0k 0+2712io 0pf+0w
======================== inputc ==============================
mar. avril  5 14:07:57 CEST 2016
Copying source code, inputc.src does not require activation.
mar. avril  5 14:07:58 CEST 2016
0.351u 0.029s 0:00.43 86.0%	0+0k 0+624io 0pf+0w
======================== int1 ==============================
mar. avril  5 14:07:58 CEST 2016
Copying source code, int1.src does not require activation.
mar. avril  5 14:07:59 CEST 2016
1.153u 0.040s 0:01.45 82.0%	0+0k 0+1080io 0pf+0w
======================== int2a ==============================
mar. avril  5 14:07:59 CEST 2016
Activating /home/common/gamess14/gamess/source/int2a.src to create int2a.f for target linux64...
mar. avril  5 14:08:00 CEST 2016
1.073u 0.045s 0:01.21 91.7%	0+0k 0+2392io 0pf+0w
======================== int2b ==============================
mar. avril  5 14:08:00 CEST 2016
Copying source code, int2b.src does not require activation.
mar. avril  5 14:08:02 CEST 2016
1.141u 0.047s 0:01.41 83.6%	0+0k 0+1432io 0pf+0w
======================== int2c ==============================
mar. avril  5 14:08:02 CEST 2016
Copying source code, int2c.src does not require activation.
mar. avril  5 14:08:04 CEST 2016
1.596u 0.036s 0:02.21 73.3%	0+0k 0+1784io 0pf+0w
======================== int2d ==============================
mar. avril  5 14:08:04 CEST 2016
Copying source code, int2d.src does not require activation.
mar. avril  5 14:08:08 CEST 2016
3.936u 0.059s 0:04.15 95.9%	0+0k 0+3424io 0pf+0w
======================== int2f ==============================
mar. avril  5 14:08:08 CEST 2016
Copying source code, int2f.src does not require activation.
mar. avril  5 14:08:12 CEST 2016
3.246u 0.092s 0:03.59 92.7%	0+0k 0+2872io 0pf+0w
======================== int2g ==============================
mar. avril  5 14:08:12 CEST 2016
Copying source code, int2g.src does not require activation.
mar. avril  5 14:08:13 CEST 2016
1.577u 0.037s 0:01.62 98.7%	0+0k 0+1320io 0pf+0w
======================== int2r ==============================
mar. avril  5 14:08:13 CEST 2016
Copying source code, int2r.src does not require activation.
mar. avril  5 14:08:31 CEST 2016
10.143u 0.107s 0:17.15 59.7%	0+0k 0+5760io 0pf+0w
======================== int2s ==============================
mar. avril  5 14:08:31 CEST 2016
Copying source code, int2s.src does not require activation.
mar. avril  5 14:08:46 CEST 2016
7.695u 0.102s 0:15.28 50.9%	0+0k 0+4200io 0pf+0w
======================== iolib ==============================
mar. avril  5 14:08:46 CEST 2016
Activating /home/common/gamess14/gamess/source/iolib.src to create iolib.f for target linux64...
mar. avril  5 14:08:47 CEST 2016
0.615u 0.039s 0:01.32 48.4%	0+0k 0+1808io 0pf+0w
======================== ivocas ==============================
mar. avril  5 14:08:47 CEST 2016
Activating /home/common/gamess14/gamess/source/ivocas.src to create ivocas.f for target linux64...
mar. avril  5 14:08:48 CEST 2016
0.472u 0.038s 0:00.95 52.6%	0+0k 0+752io 0pf+0w
======================== lagran ==============================
mar. avril  5 14:08:48 CEST 2016
Activating /home/common/gamess14/gamess/source/lagran.src to create lagran.f for target linux64...
mar. avril  5 14:08:49 CEST 2016
0.291u 0.028s 0:00.56 55.3%	0+0k 0+520io 0pf+0w
======================== local ==============================
mar. avril  5 14:08:49 CEST 2016
Activating /home/common/gamess14/gamess/source/local.src to create local.f for target linux64...
mar. avril  5 14:08:53 CEST 2016
1.816u 0.050s 0:03.86 48.1%	0+0k 0+3360io 0pf+0w
======================== loccd ==============================
mar. avril  5 14:08:53 CEST 2016
Copying source code, loccd.src does not require activation.
mar. avril  5 14:08:56 CEST 2016
1.186u 0.038s 0:03.00 40.3%	0+0k 0+1016io 0pf+0w
======================== locpol ==============================
mar. avril  5 14:08:56 CEST 2016
Activating /home/common/gamess14/gamess/source/locpol.src to create locpol.f for target linux64...
mar. avril  5 14:08:58 CEST 2016
0.984u 0.057s 0:02.51 41.0%	0+0k 0+2432io 0pf+0w
======================== locsvd ==============================
mar. avril  5 14:08:58 CEST 2016
Copying source code, locsvd.src does not require activation.
mar. avril  5 14:09:05 CEST 2016
3.162u 0.085s 0:06.70 48.3%	0+0k 0+5560io 0pf+0w
======================== lrd ==============================
mar. avril  5 14:09:05 CEST 2016
Copying source code, lrd.src does not require activation.
mar. avril  5 14:09:06 CEST 2016
0.525u 0.019s 0:01.27 41.7%	0+0k 0+560io 0pf+0w
======================== mccas ==============================
mar. avril  5 14:09:06 CEST 2016
Activating /home/common/gamess14/gamess/source/mccas.src to create mccas.f for target linux64...
mar. avril  5 14:09:10 CEST 2016
1.731u 0.048s 0:03.89 45.5%	0+0k 0+1992io 0pf+0w
======================== mcjac ==============================
mar. avril  5 14:09:10 CEST 2016
Copying source code, mcjac.src does not require activation.
mar. avril  5 14:09:13 CEST 2016
1.528u 0.042s 0:02.76 56.5%	0+0k 0+1392io 0pf+0w
======================== mcpgrd ==============================
mar. avril  5 14:09:13 CEST 2016
Copying source code, mcpgrd.src does not require activation.
mar. avril  5 14:09:24 CEST 2016
5.386u 0.114s 0:11.58 47.4%	0+0k 0+4720io 0pf+0w
======================== mcpinp ==============================
mar. avril  5 14:09:25 CEST 2016
Copying source code, mcpinp.src does not require activation.
mar. avril  5 14:09:28 CEST 2016
1.219u 0.056s 0:03.46 36.4%	0+0k 0+1536io 0pf+0w
======================== mcpint ==============================
mar. avril  5 14:09:28 CEST 2016
Copying source code, mcpint.src does not require activation.
mar. avril  5 14:09:29 CEST 2016
0.415u 0.037s 0:01.48 29.7%	0+0k 0+496io 0pf+0w
======================== mcpl10 ==============================
mar. avril  5 14:09:29 CEST 2016
Copying source code, mcpl10.src does not require activation.
mar. avril  5 14:09:31 CEST 2016
0.416u 0.024s 0:01.18 36.4%	0+0k 0+848io 0pf+0w
======================== mcpl20 ==============================
mar. avril  5 14:09:31 CEST 2016
Copying source code, mcpl20.src does not require activation.
mar. avril  5 14:09:33 CEST 2016
1.056u 0.041s 0:02.49 43.7%	0+0k 0+1344io 0pf+0w
======================== mcpl30 ==============================
mar. avril  5 14:09:33 CEST 2016
Copying source code, mcpl30.src does not require activation.
mar. avril  5 14:09:37 CEST 2016
1.825u 0.047s 0:03.87 48.0%	0+0k 0+1808io 0pf+0w
======================== mcpl40 ==============================
mar. avril  5 14:09:37 CEST 2016
Copying source code, mcpl40.src does not require activation.
mar. avril  5 14:09:43 CEST 2016
3.007u 0.051s 0:05.79 52.6%	0+0k 0+2352io 0pf+0w
======================== mcpl50 ==============================
mar. avril  5 14:09:43 CEST 2016
Copying source code, mcpl50.src does not require activation.
mar. avril  5 14:09:46 CEST 2016
1.293u 0.053s 0:02.93 45.7%	0+0k 0+1688io 0pf+0w
======================== mcpl60 ==============================
mar. avril  5 14:09:46 CEST 2016
Copying source code, mcpl60.src does not require activation.
mar. avril  5 14:09:51 CEST 2016
2.724u 0.049s 0:05.23 52.7%	0+0k 0+2408io 0pf+0w
======================== mcpl70 ==============================
mar. avril  5 14:09:51 CEST 2016
Copying source code, mcpl70.src does not require activation.
mar. avril  5 14:09:59 CEST 2016
4.159u 0.072s 0:08.18 51.5%	0+0k 0+3120io 0pf+0w
======================== mcpl80 ==============================
mar. avril  5 14:09:59 CEST 2016
Copying source code, mcpl80.src does not require activation.
mar. avril  5 14:10:04 CEST 2016
2.845u 0.047s 0:05.20 55.3%	0+0k 0+2520io 0pf+0w
======================== mcqdpt ==============================
mar. avril  5 14:10:04 CEST 2016
Activating /home/common/gamess14/gamess/source/mcqdpt.src to create mcqdpt.f for target linux64...
mar. avril  5 14:10:27 CEST 2016
11.118u 0.165s 0:22.15 50.8%	0+0k 0+10888io 0pf+0w
======================== mcqdwt ==============================
mar. avril  5 14:10:27 CEST 2016
Copying source code, mcqdwt.src does not require activation.
mar. avril  5 14:10:53 CEST 2016
12.830u 0.083s 0:26.00 49.6%	0+0k 0+3392io 0pf+0w
======================== mcqud ==============================
mar. avril  5 14:10:53 CEST 2016
Activating /home/common/gamess14/gamess/source/mcqud.src to create mcqud.f for target linux64...
mar. avril  5 14:10:54 CEST 2016
1.334u 0.052s 0:01.92 71.8%	0+0k 0+2704io 0pf+0w
======================== mcscf ==============================
mar. avril  5 14:10:55 CEST 2016
Activating /home/common/gamess14/gamess/source/mcscf.src to create mcscf.f for target linux64...
mar. avril  5 14:10:59 CEST 2016
2.203u 0.056s 0:04.17 53.9%	0+0k 0+3712io 0pf+0w
======================== mctwo ==============================
mar. avril  5 14:10:59 CEST 2016
Activating /home/common/gamess14/gamess/source/mctwo.src to create mctwo.f for target linux64...
mar. avril  5 14:11:04 CEST 2016
2.980u 0.071s 0:05.23 58.3%	0+0k 0+3144io 0pf+0w
======================== mdefp ==============================
mar. avril  5 14:11:04 CEST 2016
Copying source code, mdefp.src does not require activation.
mar. avril  5 14:11:09 CEST 2016
2.830u 0.074s 0:05.61 51.6%	0+0k 0+4064io 0pf+0w
======================== mexing ==============================
mar. avril  5 14:11:10 CEST 2016
Copying source code, mexing.src does not require activation.
mar. avril  5 14:11:11 CEST 2016
0.564u 0.028s 0:01.21 47.9%	0+0k 0+960io 0pf+0w
======================== mltfmo ==============================
mar. avril  5 14:11:11 CEST 2016
Copying source code, mltfmo.src does not require activation.
mar. avril  5 14:11:12 CEST 2016
0.444u 0.029s 0:00.82 56.0%	0+0k 0+696io 0pf+0w
======================== mm23 ==============================
mar. avril  5 14:11:12 CEST 2016
Copying source code, mm23.src does not require activation.
mar. avril  5 14:11:45 CEST 2016
17.788u 0.166s 0:33.56 53.4%	0+0k 0+10792io 0pf+0w
======================== mnsol ==============================
mar. avril  5 14:11:45 CEST 2016
Copying source code, mnsol.src does not require activation.
mar. avril  5 14:11:49 CEST 2016
1.622u 0.043s 0:03.39 48.9%	0+0k 0+1504io 0pf+0w
======================== morokm ==============================
mar. avril  5 14:11:49 CEST 2016
Activating /home/common/gamess14/gamess/source/morokm.src to create morokm.f for target linux64...
mar. avril  5 14:11:49 CEST 2016
0.403u 0.055s 0:00.88 51.1%	0+0k 0+1904io 0pf+0w
======================== mp2 ==============================
mar. avril  5 14:11:50 CEST 2016
Activating /home/common/gamess14/gamess/source/mp2.src to create mp2.f for target linux64...
mar. avril  5 14:11:53 CEST 2016
1.670u 0.054s 0:03.40 50.5%	0+0k 0+2976io 0pf+0w
======================== mp2ddi ==============================
mar. avril  5 14:11:53 CEST 2016
Copying source code, mp2ddi.src does not require activation.
mar. avril  5 14:12:00 CEST 2016
4.255u 0.066s 0:07.03 61.3%	0+0k 0+4096io 0pf+0w
======================== mp2grd ==============================
mar. avril  5 14:12:00 CEST 2016
Activating /home/common/gamess14/gamess/source/mp2grd.src to create mp2grd.f for target linux64...
mar. avril  5 14:12:05 CEST 2016
2.877u 0.055s 0:05.36 54.4%	0+0k 0+3664io 0pf+0w
======================== mp2gr2 ==============================
mar. avril  5 14:12:05 CEST 2016
Copying source code, mp2gr2.src does not require activation.
mar. avril  5 14:12:11 CEST 2016
2.495u 0.050s 0:05.27 48.1%	0+0k 0+2672io 0pf+0w
======================== mp2ims ==============================
mar. avril  5 14:12:11 CEST 2016
Copying source code, mp2ims.src does not require activation.
mar. avril  5 14:12:12 CEST 2016
0.742u 0.045s 0:01.72 45.3%	0+0k 0+960io 0pf+0w
======================== mpcdat ==============================
mar. avril  5 14:12:12 CEST 2016
Copying source code, mpcdat.src does not require activation.
mar. avril  5 14:12:13 CEST 2016
0.174u 0.028s 0:00.56 33.9%	0+0k 0+1120io 0pf+0w
======================== mpcgrd ==============================
mar. avril  5 14:12:13 CEST 2016
Copying source code, mpcgrd.src does not require activation.
mar. avril  5 14:12:16 CEST 2016
1.924u 0.038s 0:03.50 55.7%	0+0k 0+928io 0pf+0w
======================== mpcint ==============================
mar. avril  5 14:12:16 CEST 2016
Copying source code, mpcint.src does not require activation.
mar. avril  5 14:12:17 CEST 2016
0.765u 0.039s 0:01.03 76.6%	0+0k 0+1120io 0pf+0w
======================== mpcmol ==============================
mar. avril  5 14:12:17 CEST 2016
Copying source code, mpcmol.src does not require activation.
mar. avril  5 14:12:18 CEST 2016
0.463u 0.029s 0:00.70 68.5%	0+0k 0+696io 0pf+0w
======================== mpcmsc ==============================
mar. avril  5 14:12:18 CEST 2016
Copying source code, mpcmsc.src does not require activation.
mar. avril  5 14:12:19 CEST 2016
0.656u 0.037s 0:01.17 58.1%	0+0k 0+824io 0pf+0w
======================== mpcpcm ==============================
mar. avril  5 14:12:19 CEST 2016
Copying source code, mpcpcm.src does not require activation.
mar. avril  5 14:12:20 CEST 2016
0.411u 0.036s 0:00.92 47.8%	0+0k 0+352io 0pf+0w
======================== mpqcst ==============================
mar. avril  5 14:12:20 CEST 2016
Copying source code, mpqcst.src does not require activation.
mar. avril  5 14:12:21 CEST 2016
0.036u 0.023s 0:00.30 16.6%	0+0k 0+72io 0pf+0w
======================== mthlib ==============================
mar. avril  5 14:12:21 CEST 2016
Compiling matrix multiply routines to use a system BLAS library...
Activating /home/common/gamess14/gamess/source/mthlib.src to create mthlib.f for target linux64...
mar. avril  5 14:12:23 CEST 2016
1.443u 0.049s 0:02.17 68.2%	0+0k 0+3752io 0pf+0w
======================== nameio ==============================
mar. avril  5 14:12:23 CEST 2016
Copying source code, nameio.src does not require activation.
mar. avril  5 14:12:23 CEST 2016
0.239u 0.033s 0:00.71 36.6%	0+0k 0+592io 0pf+0w
======================== nbostb ==============================
mar. avril  5 14:12:24 CEST 2016
Copying source code, nbostb.src does not require activation.
mar. avril  5 14:12:24 CEST 2016
0.030u 0.021s 0:00.18 27.7%	0+0k 0+72io 0pf+0w
======================== neostb ==============================
mar. avril  5 14:12:24 CEST 2016
Activating /home/common/gamess14/gamess/source/neostb.src to create neostb.f for target linux64...
mar. avril  5 14:12:24 CEST 2016
0.106u 0.018s 0:00.37 29.7%	0+0k 0+280io 0pf+0w
======================== nmr ==============================
mar. avril  5 14:12:24 CEST 2016
Activating /home/common/gamess14/gamess/source/nmr.src to create nmr.f for target linux64...
mar. avril  5 14:12:30 CEST 2016
3.147u 0.086s 0:05.89 54.6%	0+0k 0+5544io 0pf+0w
======================== optcix ==============================
mar. avril  5 14:12:30 CEST 2016
Copying source code, optcix.src does not require activation.
mar. avril  5 14:12:31 CEST 2016
0.381u 0.035s 0:00.84 48.8%	0+0k 0+872io 0pf+0w
======================== ordint ==============================
mar. avril  5 14:12:31 CEST 2016
Activating /home/common/gamess14/gamess/source/ordint.src to create ordint.f for target linux64...
mar. avril  5 14:12:31 CEST 2016
0.222u 0.030s 0:00.61 40.9%	0+0k 0+496io 0pf+0w
======================== ormas1 ==============================
mar. avril  5 14:12:31 CEST 2016
Copying source code, ormas1.src does not require activation.
mar. avril  5 14:12:46 CEST 2016
7.586u 0.090s 0:14.52 52.8%	0+0k 0+7392io 0pf+0w
======================== ormpt2 ==============================
mar. avril  5 14:12:46 CEST 2016
Copying source code, ormpt2.src does not require activation.
mar. avril  5 14:12:56 CEST 2016
5.827u 0.082s 0:10.53 56.0%	0+0k 0+6344io 0pf+0w
======================== parley ==============================
mar. avril  5 14:12:56 CEST 2016
Copying source code, parley.src does not require activation.
mar. avril  5 14:12:58 CEST 2016
1.036u 0.031s 0:02.04 51.9%	0+0k 0+1640io 0pf+0w
======================== pcm ==============================
mar. avril  5 14:12:59 CEST 2016
Copying source code, pcm.src does not require activation.
mar. avril  5 14:13:01 CEST 2016
1.436u 0.042s 0:02.61 56.3%	0+0k 0+2384io 0pf+0w
======================== pcmcav ==============================
mar. avril  5 14:13:01 CEST 2016
Copying source code, pcmcav.src does not require activation.
mar. avril  5 14:13:03 CEST 2016
1.037u 0.035s 0:01.60 66.2%	0+0k 0+1376io 0pf+0w
======================== pcmcv2 ==============================
mar. avril  5 14:13:03 CEST 2016
Copying source code, pcmcv2.src does not require activation.
mar. avril  5 14:13:11 CEST 2016
4.202u 0.048s 0:08.14 52.0%	0+0k 0+2712io 0pf+0w
======================== pcmder ==============================
mar. avril  5 14:13:11 CEST 2016
Copying source code, pcmder.src does not require activation.
mar. avril  5 14:13:13 CEST 2016
1.072u 0.049s 0:02.23 49.7%	0+0k 0+1512io 0pf+0w
======================== pcmdis ==============================
mar. avril  5 14:13:13 CEST 2016
Copying source code, pcmdis.src does not require activation.
mar. avril  5 14:13:15 CEST 2016
0.631u 0.035s 0:01.53 43.1%	0+0k 0+680io 0pf+0w
======================== pcmief ==============================
mar. avril  5 14:13:15 CEST 2016
Copying source code, pcmief.src does not require activation.
mar. avril  5 14:13:22 CEST 2016
3.569u 0.072s 0:06.88 52.7%	0+0k 0+2544io 0pf+0w
======================== pcmpol ==============================
mar. avril  5 14:13:22 CEST 2016
Copying source code, pcmpol.src does not require activation.
mar. avril  5 14:13:27 CEST 2016
2.987u 0.041s 0:05.17 58.4%	0+0k 0+1592io 0pf+0w
======================== pcmvch ==============================
mar. avril  5 14:13:27 CEST 2016
Copying source code, pcmvch.src does not require activation.
mar. avril  5 14:13:28 CEST 2016
0.760u 0.032s 0:01.27 62.2%	0+0k 0+720io 0pf+0w
======================== prpamm ==============================
mar. avril  5 14:13:28 CEST 2016
Copying source code, prpamm.src does not require activation.
mar. avril  5 14:13:29 CEST 2016
0.378u 0.021s 0:00.94 41.4%	0+0k 0+480io 0pf+0w
======================== prpel ==============================
mar. avril  5 14:13:29 CEST 2016
Copying source code, prpel.src does not require activation.
mar. avril  5 14:13:31 CEST 2016
1.033u 0.033s 0:01.90 55.7%	0+0k 0+2752io 0pf+0w
======================== prplib ==============================
mar. avril  5 14:13:31 CEST 2016
Copying source code, prplib.src does not require activation.
mar. avril  5 14:13:32 CEST 2016
0.412u 0.029s 0:00.89 48.3%	0+0k 0+1152io 0pf+0w
======================== prppop ==============================
mar. avril  5 14:13:32 CEST 2016
Copying source code, prppop.src does not require activation.
mar. avril  5 14:13:36 CEST 2016
2.978u 0.067s 0:04.35 69.6%	0+0k 0+3560io 0pf+0w
======================== qeigen ==============================
mar. avril  5 14:13:36 CEST 2016
Copying source code, qeigen.src does not require activation.
mar. avril  5 14:13:37 CEST 2016
0.366u 0.034s 0:00.96 40.6%	0+0k 32+488io 1pf+0w
======================== qfmm ==============================
mar. avril  5 14:13:37 CEST 2016
Copying source code, qfmm.src does not require activation.
mar. avril  5 14:13:39 CEST 2016
1.013u 0.038s 0:01.88 55.3%	0+0k 0+1496io 0pf+0w
======================== qmfm ==============================
mar. avril  5 14:13:39 CEST 2016
Copying source code, qmfm.src does not require activation.
mar. avril  5 14:13:44 CEST 2016
2.654u 0.072s 0:04.90 55.5%	0+0k 0+3936io 0pf+0w
======================== qmmm ==============================
mar. avril  5 14:13:44 CEST 2016
Activating /home/common/gamess14/gamess/source/qmmm.src to create qmmm.f for target linux64...
mar. avril  5 14:13:44 CEST 2016
0.061u 0.016s 0:00.26 26.9%	0+0k 0+152io 0pf+0w
======================== qrel ==============================
mar. avril  5 14:13:44 CEST 2016
Copying source code, qrel.src does not require activation.
mar. avril  5 14:13:47 CEST 2016
1.799u 0.053s 0:02.99 61.5%	0+0k 0+2040io 0pf+0w
======================== quanpo ==============================
mar. avril  5 14:13:47 CEST 2016
Copying source code, quanpo.src does not require activation.
mar. avril  5 14:14:14 CEST 2016
14.572u 0.233s 0:26.45 55.9%	0+0k 0+15632io 0pf+0w
======================== raman ==============================
mar. avril  5 14:14:14 CEST 2016
Copying source code, raman.src does not require activation.
mar. avril  5 14:14:14 CEST 2016
0.256u 0.023s 0:00.41 65.8%	0+0k 0+528io 0pf+0w
======================== rhfuhf ==============================
mar. avril  5 14:14:14 CEST 2016
Activating /home/common/gamess14/gamess/source/rhfuhf.src to create rhfuhf.f for target linux64...
mar. avril  5 14:14:25 CEST 2016
6.151u 0.124s 0:11.18 56.0%	0+0k 0+5408io 0pf+0w
======================== ricab ==============================
mar. avril  5 14:14:25 CEST 2016
Copying source code, ricab.src does not require activation.
mar. avril  5 14:14:31 CEST 2016
2.750u 0.098s 0:05.27 53.8%	0+0k 0+6584io 0pf+0w
======================== riint ==============================
mar. avril  5 14:14:31 CEST 2016
Copying source code, riint.src does not require activation.
mar. avril  5 14:14:32 CEST 2016
0.683u 0.037s 0:01.67 42.5%	0+0k 0+696io 0pf+0w
======================== rimp2 ==============================
mar. avril  5 14:14:32 CEST 2016
Copying source code, rimp2.src does not require activation.
mar. avril  5 14:14:36 CEST 2016
1.937u 0.054s 0:03.75 52.8%	0+0k 0+3688io 0pf+0w
======================== rmd ==============================
mar. avril  5 14:14:36 CEST 2016
Copying source code, rmd.src does not require activation.
mar. avril  5 14:14:36 CEST 2016
0.063u 0.023s 0:00.23 34.7%	0+0k 0+128io 0pf+0w
======================== rmdgen ==============================
mar. avril  5 14:14:36 CEST 2016
Copying source code, rmdgen.src does not require activation.
mar. avril  5 14:14:37 CEST 2016
0.320u 0.031s 0:00.96 36.4%	0+0k 0+320io 0pf+0w
======================== rmdwrk ==============================
mar. avril  5 14:14:37 CEST 2016
Copying source code, rmdwrk.src does not require activation.
mar. avril  5 14:14:38 CEST 2016
0.446u 0.040s 0:01.02 47.0%	0+0k 0+504io 0pf+0w
======================== roeom ==============================
mar. avril  5 14:14:38 CEST 2016
Copying source code, roeom.src does not require activation.
mar. avril  5 14:14:43 CEST 2016
2.257u 0.061s 0:04.75 48.6%	0+0k 0+2904io 0pf+0w
======================== rohfcc ==============================
mar. avril  5 14:14:43 CEST 2016
Activating /home/common/gamess14/gamess/source/rohfcc.src to create rohfcc.f for target linux64...
mar. avril  5 14:14:44 CEST 2016
0.676u 0.046s 0:01.03 68.9%	0+0k 0+2952io 0pf+0w
======================== rxncrd ==============================
mar. avril  5 14:14:44 CEST 2016
Copying source code, rxncrd.src does not require activation.
mar. avril  5 14:14:47 CEST 2016
1.725u 0.052s 0:03.18 55.6%	0+0k 0+2032io 0pf+0w
======================== ryspol ==============================
mar. avril  5 14:14:47 CEST 2016
Copying source code, ryspol.src does not require activation.
mar. avril  5 14:14:48 CEST 2016
0.324u 0.020s 0:00.80 42.5%	0+0k 0+896io 0pf+0w
======================== scflib ==============================
mar. avril  5 14:14:48 CEST 2016
Copying source code, scflib.src does not require activation.
mar. avril  5 14:14:52 CEST 2016
2.291u 0.040s 0:03.96 58.8%	0+0k 0+2744io 0pf+0w
======================== scfmi ==============================
mar. avril  5 14:14:52 CEST 2016
Copying source code, scfmi.src does not require activation.
mar. avril  5 14:14:56 CEST 2016
2.213u 0.065s 0:03.74 60.6%	0+0k 0+1552io 0pf+0w
======================== scrf ==============================
mar. avril  5 14:14:56 CEST 2016
Copying source code, scrf.src does not require activation.
mar. avril  5 14:14:57 CEST 2016
0.672u 0.046s 0:01.72 41.2%	0+0k 0+776io 0pf+0w
======================== sfdft ==============================
mar. avril  5 14:14:58 CEST 2016
Activating /home/common/gamess14/gamess/source/sfdft.src to create sfdft.f for target linux64...
mar. avril  5 14:14:59 CEST 2016
0.667u 0.038s 0:01.55 44.5%	0+0k 0+1344io 0pf+0w
======================== sfgrad ==============================
mar. avril  5 14:14:59 CEST 2016
Copying source code, sfgrad.src does not require activation.
mar. avril  5 14:15:02 CEST 2016
1.819u 0.055s 0:02.88 64.5%	0+0k 0+2240io 0pf+0w
======================== sobrt ==============================
mar. avril  5 14:15:02 CEST 2016
Copying source code, sobrt.src does not require activation.
mar. avril  5 14:15:05 CEST 2016
1.300u 0.055s 0:02.64 51.1%	0+0k 0+1720io 0pf+0w
======================== soffac ==============================
mar. avril  5 14:15:05 CEST 2016
Copying source code, soffac.src does not require activation.
mar. avril  5 14:15:05 CEST 2016
0.356u 0.034s 0:00.90 42.2%	0+0k 0+808io 0pf+0w
======================== solib ==============================
mar. avril  5 14:15:06 CEST 2016
Copying source code, solib.src does not require activation.
mar. avril  5 14:15:07 CEST 2016
1.121u 0.034s 0:01.89 60.8%	0+0k 0+2144io 0pf+0w
======================== sozeff ==============================
mar. avril  5 14:15:07 CEST 2016
Copying source code, sozeff.src does not require activation.
mar. avril  5 14:15:12 CEST 2016
2.907u 0.046s 0:04.83 60.8%	0+0k 0+3280io 0pf+0w
======================== statpt ==============================
mar. avril  5 14:15:12 CEST 2016
Copying source code, statpt.src does not require activation.
mar. avril  5 14:15:18 CEST 2016
3.380u 0.075s 0:06.21 55.5%	0+0k 0+4096io 0pf+0w
======================== surf ==============================
mar. avril  5 14:15:19 CEST 2016
Copying source code, surf.src does not require activation.
mar. avril  5 14:15:19 CEST 2016
0.165u 0.032s 0:00.53 35.8%	0+0k 0+360io 0pf+0w
======================== svpchg ==============================
mar. avril  5 14:15:19 CEST 2016
Copying source code, svpchg.src does not require activation.
mar. avril  5 14:15:28 CEST 2016
4.787u 0.075s 0:09.01 53.8%	0+0k 0+5504io 0pf+0w
======================== svpinp ==============================
mar. avril  5 14:15:28 CEST 2016
Copying source code, svpinp.src does not require activation.
mar. avril  5 14:15:30 CEST 2016
0.939u 0.042s 0:02.00 48.5%	0+0k 0+2216io 0pf+0w
======================== svpleb ==============================
mar. avril  5 14:15:30 CEST 2016
Copying source code, svpleb.src does not require activation.
mar. avril  5 14:15:33 CEST 2016
1.616u 0.070s 0:03.00 56.0%	0+0k 0+4104io 0pf+0w
======================== symhi ==============================
mar. avril  5 14:15:33 CEST 2016
Copying source code, symhi.src does not require activation.
mar. avril  5 14:15:40 CEST 2016
4.131u 0.096s 0:07.17 58.8%	0+0k 0+3920io 0pf+0w
======================== symorb ==============================
mar. avril  5 14:15:40 CEST 2016
Copying source code, symorb.src does not require activation.
mar. avril  5 14:15:45 CEST 2016
2.912u 0.058s 0:04.80 61.6%	0+0k 0+2352io 0pf+0w
======================== symslc ==============================
mar. avril  5 14:15:45 CEST 2016
Copying source code, symslc.src does not require activation.
mar. avril  5 14:15:54 CEST 2016
5.166u 0.060s 0:08.52 61.2%	0+0k 0+2728io 0pf+0w
======================== tddft ==============================
mar. avril  5 14:15:54 CEST 2016
Copying source code, tddft.src does not require activation.
mar. avril  5 14:15:55 CEST 2016
0.810u 0.034s 0:01.90 44.2%	0+0k 0+1304io 0pf+0w
======================== tddefp ==============================
mar. avril  5 14:15:56 CEST 2016
Copying source code, tddefp.src does not require activation.
mar. avril  5 14:15:57 CEST 2016
0.618u 0.036s 0:01.46 43.8%	0+0k 0+448io 0pf+0w
======================== tddfun ==============================
mar. avril  5 14:15:57 CEST 2016
Copying source code, tddfun.src does not require activation.
mar. avril  5 14:16:00 CEST 2016
1.796u 0.054s 0:03.20 57.5%	0+0k 0+1752io 0pf+0w
======================== tddfxc ==============================
mar. avril  5 14:16:00 CEST 2016
Copying source code, tddfxc.src does not require activation.
mar. avril  5 14:16:03 CEST 2016
1.428u 0.041s 0:03.03 48.1%	0+0k 0+1096io 0pf+0w
======================== tddgrd ==============================
mar. avril  5 14:16:03 CEST 2016
Copying source code, tddgrd.src does not require activation.
mar. avril  5 14:16:05 CEST 2016
0.996u 0.046s 0:01.59 64.7%	0+0k 0+1456io 0pf+0w
======================== tddint ==============================
mar. avril  5 14:16:05 CEST 2016
Activating /home/common/gamess14/gamess/source/tddint.src to create tddint.f for target linux64...
mar. avril  5 14:16:06 CEST 2016
0.504u 0.029s 0:01.08 48.1%	0+0k 0+608io 0pf+0w
======================== tddnlr ==============================
mar. avril  5 14:16:06 CEST 2016
Copying source code, tddnlr.src does not require activation.
mar. avril  5 14:16:08 CEST 2016
1.320u 0.047s 0:01.97 69.0%	0+0k 0+1616io 0pf+0w
======================== tddxca ==============================
mar. avril  5 14:16:08 CEST 2016
Copying source code, tddxca.src does not require activation.
mar. avril  5 14:17:15 CEST 2016
38.063u 0.215s 1:07.03 57.0%	0+0k 0+2832io 0pf+0w
======================== tddxcc ==============================
mar. avril  5 14:17:15 CEST 2016
Copying source code, tddxcc.src does not require activation.
mar. avril  5 14:17:16 CEST 2016
0.252u 0.027s 0:00.75 36.0%	0+0k 0+464io 0pf+0w
======================== tddxcd ==============================
mar. avril  5 14:17:16 CEST 2016
Copying source code, tddxcd.src does not require activation.
mar. avril  5 14:19:23 CEST 2016
74.697u 0.288s 2:07.68 58.7%	0+0k 0+12688io 0pf+0w
======================== tdhf ==============================
mar. avril  5 14:19:23 CEST 2016
Activating /home/common/gamess14/gamess/source/tdhf.src to create tdhf.f for target linux64...
mar. avril  5 14:19:29 CEST 2016
2.930u 0.049s 0:05.68 52.2%	0+0k 0+3016io 0pf+0w
======================== tdx ==============================
mar. avril  5 14:19:29 CEST 2016
Copying source code, tdx.src does not require activation.
mar. avril  5 14:19:30 CEST 2016
0.824u 0.034s 0:01.30 65.3%	0+0k 0+1424io 0pf+0w
======================== tdxio ==============================
mar. avril  5 14:19:30 CEST 2016
Copying source code, tdxio.src does not require activation.
mar. avril  5 14:19:31 CEST 2016
0.342u 0.025s 0:00.72 50.0%	0+0k 0+744io 0pf+0w
======================== tdxitr ==============================
mar. avril  5 14:19:31 CEST 2016
Copying source code, tdxitr.src does not require activation.
mar. avril  5 14:19:33 CEST 2016
0.812u 0.055s 0:01.76 48.8%	0+0k 0+2240io 0pf+0w
======================== tdxni ==============================
mar. avril  5 14:19:33 CEST 2016
Copying source code, tdxni.src does not require activation.
mar. avril  5 14:19:36 CEST 2016
1.434u 0.049s 0:03.20 45.9%	0+0k 0+3376io 0pf+0w
======================== tdxprp ==============================
mar. avril  5 14:19:36 CEST 2016
Copying source code, tdxprp.src does not require activation.
mar. avril  5 14:19:37 CEST 2016
0.548u 0.048s 0:01.29 44.9%	0+0k 0+984io 0pf+0w
======================== trans ==============================
mar. avril  5 14:19:37 CEST 2016
Activating /home/common/gamess14/gamess/source/trans.src to create trans.f for target linux64...
mar. avril  5 14:19:40 CEST 2016
1.534u 0.047s 0:02.65 59.2%	0+0k 0+2200io 0pf+0w
======================== trfdm2 ==============================
mar. avril  5 14:19:40 CEST 2016
Activating /home/common/gamess14/gamess/source/trfdm2.src to create trfdm2.f for target linux64...
mar. avril  5 14:19:42 CEST 2016
0.798u 0.035s 0:01.74 47.1%	0+0k 0+1344io 0pf+0w
======================== trnstn ==============================
mar. avril  5 14:19:42 CEST 2016
Copying source code, trnstn.src does not require activation.
mar. avril  5 14:19:45 CEST 2016
1.692u 0.043s 0:03.33 51.9%	0+0k 0+2512io 0pf+0w
======================== trudge ==============================
mar. avril  5 14:19:45 CEST 2016
Copying source code, trudge.src does not require activation.
mar. avril  5 14:19:47 CEST 2016
0.726u 0.042s 0:01.84 41.3%	0+0k 0+848io 0pf+0w
======================== umpddi ==============================
mar. avril  5 14:19:47 CEST 2016
Copying source code, umpddi.src does not require activation.
mar. avril  5 14:19:55 CEST 2016
4.342u 0.057s 0:08.06 54.4%	0+0k 0+3160io 0pf+0w
======================== unport ==============================
mar. avril  5 14:19:55 CEST 2016
Activating /home/common/gamess14/gamess/source/unport.src to create unport.f for target linux64...
mar. avril  5 14:19:55 CEST 2016
0.112u 0.021s 0:00.29 44.8%	0+0k 0+576io 0pf+0w
======================== utddft ==============================
mar. avril  5 14:19:55 CEST 2016
Activating /home/common/gamess14/gamess/source/utddft.src to create utddft.f for target linux64...
mar. avril  5 14:19:58 CEST 2016
1.536u 0.051s 0:02.96 53.3%	0+0k 0+2488io 0pf+0w
======================== vibanl ==============================
mar. avril  5 14:19:58 CEST 2016
Copying source code, vibanl.src does not require activation.
mar. avril  5 14:20:02 CEST 2016
2.016u 0.043s 0:03.24 63.2%	0+0k 0+2392io 0pf+0w
======================== vscf ==============================
mar. avril  5 14:20:02 CEST 2016
Copying source code, vscf.src does not require activation.
mar. avril  5 14:20:02 CEST 2016
0.401u 0.044s 0:00.93 47.3%	0+0k 0+1408io 0pf+0w
======================== vvos ==============================
mar. avril  5 14:20:03 CEST 2016
Copying source code, vvos.src does not require activation.
mar. avril  5 14:20:05 CEST 2016
1.190u 0.054s 0:02.92 42.4%	0+0k 0+4032io 0pf+0w
======================== zapddi ==============================
mar. avril  5 14:20:06 CEST 2016
Copying source code, zapddi.src does not require activation.
mar. avril  5 14:20:14 CEST 2016
4.867u 0.060s 0:08.76 56.1%	0+0k 0+2536io 0pf+0w
======================== zheev ==============================
mar. avril  5 14:20:14 CEST 2016
Copying source code, zheev.src does not require activation.
mar. avril  5 14:20:15 CEST 2016
0.287u 0.033s 0:00.73 42.4%	0+0k 0+1136io 0pf+0w
======================== zmatrx ==============================
mar. avril  5 14:20:15 CEST 2016
Copying source code, zmatrx.src does not require activation.
mar. avril  5 14:20:17 CEST 2016
0.934u 0.029s 0:01.88 50.5%	0+0k 0+1568io 0pf+0w
======================== vb2000 ==============================
mar. avril  5 14:20:17 CEST 2016
Copying vb2000.src from VB2000 directory named /home/common/gamess14/gamess/vb2000/SRC
Copying source code, vb2000.src does not require activation.
mar. avril  5 14:20:37 CEST 2016
12.531u 0.276s 0:20.18 63.4%	0+0k 680+15952io 4pf+0w
======================== vb2gms ==============================
mar. avril  5 14:20:37 CEST 2016
Copying vb2gms.src from VB2000 directory named /home/common/gamess14/gamess/vb2000/SRC
Activating /home/common/gamess14/gamess/source/vb2gms.src to create vb2gms.f for target linux64...
mar. avril  5 14:20:38 CEST 2016
0.771u 0.034s 0:01.41 56.7%	0+0k 0+1728io 0pf+0w
======================== vbdum ==============================
mar. avril  5 14:20:38 CEST 2016
Copying source code, vbdum.src does not require activation.
mar. avril  5 14:20:38 CEST 2016
0.040u 0.012s 0:00.06 83.3%	0+0k 0+80io 0pf+0w
------------------- done with all compilations --------------------
mar. avril  5 14:20:38 CEST 2016
788.347u 16.691s 19:55.52 67.3%	0+0k 3208+716664io 21pf+0w
